
> musenest@1.0.0 start
> node server.js

Missing required environment variables: DB_PASSWORD, DB_DATABASE
AI_SERVER_URL is not set; AI proxy and tests may fail.
✅ Quick Facts API route loaded successfully
🔍 Testing database connection...
✅ Database connected successfully
node:events:496
      throw er; // Unhandled 'error' event
      ^

Error: listen EADDRINUSE: address already in use :::3000
    at Server.setupListenHandle [as _listen2] (node:net:1940:16)
    at listenInCluster (node:net:1997:12)
    at Server.listen (node:net:2102:7)
    at Function.listen (/Users/programmer/Projects/musenest/node_modules/express/lib/application.js:635:24)
    at startServer (/Users/programmer/Projects/musenest/server.js:3233:13)
    at process.processTicksAndRejections (node:internal/process/task_queues:105:5)
Emitted 'error' event on Server instance at:
    at emitErrorNT (node:net:1976:8)
    at process.processTicksAndRejections (node:internal/process/task_queues:90:21) {
  code: 'EADDRINUSE',
  errno: -48,
  syscall: 'listen',
  address: '::',
  port: 3000
}

Node.js v22.17.0
