
> musenest@1.0.0 start
> node server.js

Missing required environment variables: DB_PASSWORD, DB_DATABASE
AI_SERVER_URL is not set; AI proxy and tests may fail.
✅ Quick Facts API route loaded successfully
🔍 Testing database connection...
✅ Database connected successfully
🚀 MuseNest Server Started
📍 Server running on port 3000
🌍 Environment: development
🔗 Health check: http://localhost:3000/health

Next steps:
1. Copy .env.example to .env and configure your database
2. Run: npm run migrate (to set up database)
3. Run: npm run seed (to add sample data)
Loaded 0 active impersonation sessions
{"ts":"2025-08-13T21:54:42.891Z","level":"info","msg":"request.start","requestId":"18cf0e67-1bd5-43dd-8275-73f1f347df87","method":"GET","url":"/modelexample?preview_theme=2","ip":"::1"}
📋 Preview query results: [
  {
    id: 2,
    name: 'glamour',
    display_name: 'Glamour Elite',
    default_color_scheme: {
      text: '#831843',
      accent: '#F59E0B',
      primary: '#EC4899',
      secondary: '#BE185D',
      background: '#FDF2F8'
    }
  }
]
   - Database theme name: "glamour"
   - Mapped to handlebars theme: "glamour"
   - Display name: "Glamour Elite"
📣 Loaded 4 testimonials for modelexample
💼 Loaded 6 services for modelexample
🖼️ Loaded 5 gallery images for home preview
📅 Loaded 3 upcoming calendar events for modelexample
📅 Calendar events: [
  {
    location: 'DTC Incall & Outcall',
    date: 2025-08-14T06:00:00.000Z,
    dateRange: 'August 14-15, 2025'
  },
  {
    location: 'Loveland Incall',
    date: 2025-08-22T06:00:00.000Z,
    dateRange: 'August 22-23, 2025'
  },
  {
    location: 'DTC Incall',
    date: 2025-08-26T06:00:00.000Z,
    dateRange: 'August 26-29, 2025'
  }
]
🔍 Found 1 images with ID 255: [
  {
    id: 255,
    filename: 'Blouse_Model_1754767723448.jpg',
    model_id: 39,
    is_active: 1
  }
]
🔍 Portrait query result: 1 images found
🖼️ Loaded portrait image: /uploads/modelexample/public/gallery/Blouse_Model_1754767723448.jpg
🖼️ Loaded hero background image: /uploads/modelexample/public/gallery/Sportscar_Model_1754767725105.jpg
{"ts":"2025-08-13T21:54:42.958Z","level":"info","msg":"request.end","requestId":"18cf0e67-1bd5-43dd-8275-73f1f347df87","method":"GET","url":"/modelexample?preview_theme=2","status":200,"durationMs":67,"contentLength":"25327"}
{"ts":"2025-08-13T21:54:42.959Z","level":"info","msg":"request.end","requestId":"18cf0e67-1bd5-43dd-8275-73f1f347df87","method":"GET","url":"/modelexample?preview_theme=2","status":200,"durationMs":68,"contentLength":"25327"}
{"ts":"2025-08-13T21:54:54.116Z","level":"info","msg":"request.start","requestId":"1e734d10-6c19-4921-aeb6-bf157d27250b","method":"GET","url":"/api/site-configuration/servers/health","ip":"::1"}
{"ts":"2025-08-13T21:54:54.119Z","level":"info","msg":"request.end","requestId":"1e734d10-6c19-4921-aeb6-bf157d27250b","method":"GET","url":"/api/site-configuration/servers/health","status":404,"durationMs":3,"contentLength":"92"}
{"ts":"2025-08-13T21:54:54.119Z","level":"info","msg":"request.end","requestId":"1e734d10-6c19-4921-aeb6-bf157d27250b","method":"GET","url":"/api/site-configuration/servers/health","status":404,"durationMs":3,"contentLength":"92"}
{"ts":"2025-08-13T21:55:16.654Z","level":"info","msg":"request.start","requestId":"e72bb81e-0a68-4722-9474-a42062472cbe","method":"GET","url":"/modelexample?preview_theme=2","ip":"::1"}
📋 Preview query results: [
  {
    id: 2,
    name: 'glamour',
    display_name: 'Glamour Elite',
    default_color_scheme: {
      text: '#831843',
      accent: '#F59E0B',
      primary: '#EC4899',
      secondary: '#BE185D',
      background: '#FDF2F8'
    }
  }
]
   - Database theme name: "glamour"
   - Mapped to handlebars theme: "glamour"
   - Display name: "Glamour Elite"
📣 Loaded 4 testimonials for modelexample
💼 Loaded 6 services for modelexample
🖼️ Loaded 5 gallery images for home preview
📅 Loaded 3 upcoming calendar events for modelexample
📅 Calendar events: [
  {
    location: 'DTC Incall & Outcall',
    date: 2025-08-14T06:00:00.000Z,
    dateRange: 'August 14-15, 2025'
  },
  {
    location: 'Loveland Incall',
    date: 2025-08-22T06:00:00.000Z,
    dateRange: 'August 22-23, 2025'
  },
  {
    location: 'DTC Incall',
    date: 2025-08-26T06:00:00.000Z,
    dateRange: 'August 26-29, 2025'
  }
]
🔍 Found 1 images with ID 255: [
  {
    id: 255,
    filename: 'Blouse_Model_1754767723448.jpg',
    model_id: 39,
    is_active: 1
  }
]
🔍 Portrait query result: 1 images found
🖼️ Loaded portrait image: /uploads/modelexample/public/gallery/Blouse_Model_1754767723448.jpg
🖼️ Loaded hero background image: /uploads/modelexample/public/gallery/Sportscar_Model_1754767725105.jpg
{"ts":"2025-08-13T21:55:16.714Z","level":"info","msg":"request.end","requestId":"e72bb81e-0a68-4722-9474-a42062472cbe","method":"GET","url":"/modelexample?preview_theme=2","status":200,"durationMs":60,"contentLength":"25327"}
{"ts":"2025-08-13T21:55:16.714Z","level":"info","msg":"request.end","requestId":"e72bb81e-0a68-4722-9474-a42062472cbe","method":"GET","url":"/modelexample?preview_theme=2","status":200,"durationMs":60,"contentLength":"25327"}
{"ts":"2025-08-13T21:55:25.109Z","level":"info","msg":"request.start","requestId":"f7154d10-f6a6-4d90-bbaf-36a4823d0151","method":"GET","url":"/api/site-configuration/servers/health","ip":"::1"}
{"ts":"2025-08-13T21:55:25.112Z","level":"info","msg":"request.end","requestId":"f7154d10-f6a6-4d90-bbaf-36a4823d0151","method":"GET","url":"/api/site-configuration/servers/health","status":404,"durationMs":3,"contentLength":"92"}
{"ts":"2025-08-13T21:55:25.112Z","level":"info","msg":"request.end","requestId":"f7154d10-f6a6-4d90-bbaf-36a4823d0151","method":"GET","url":"/api/site-configuration/servers/health","status":404,"durationMs":3,"contentLength":"92"}
{"ts":"2025-08-13T21:55:56.121Z","level":"info","msg":"request.start","requestId":"b2f62c2e-1146-4dff-bf79-57fef3966f20","method":"GET","url":"/api/site-configuration/servers/health","ip":"::1"}
{"ts":"2025-08-13T21:55:56.123Z","level":"info","msg":"request.end","requestId":"b2f62c2e-1146-4dff-bf79-57fef3966f20","method":"GET","url":"/api/site-configuration/servers/health","status":404,"durationMs":2,"contentLength":"92"}
{"ts":"2025-08-13T21:55:56.123Z","level":"info","msg":"request.end","requestId":"b2f62c2e-1146-4dff-bf79-57fef3966f20","method":"GET","url":"/api/site-configuration/servers/health","status":404,"durationMs":2,"contentLength":"92"}
{"ts":"2025-08-13T21:56:02.114Z","level":"info","msg":"request.start","requestId":"0d529405-4347-4321-b71d-792e9a07ba26","method":"GET","url":"/api/site-configuration/subscription/analytics","ip":"::1"}
{"ts":"2025-08-13T21:56:02.115Z","level":"info","msg":"request.end","requestId":"0d529405-4347-4321-b71d-792e9a07ba26","method":"GET","url":"/api/site-configuration/subscription/analytics","status":404,"durationMs":1,"contentLength":"92"}
{"ts":"2025-08-13T21:56:02.115Z","level":"info","msg":"request.end","requestId":"0d529405-4347-4321-b71d-792e9a07ba26","method":"GET","url":"/api/site-configuration/subscription/analytics","status":404,"durationMs":1,"contentLength":"92"}
{"ts":"2025-08-13T21:56:02.120Z","level":"info","msg":"request.start","requestId":"fc406fea-4dba-4e20-9475-6a5f16fd9184","method":"GET","url":"/api/system-management/stats","ip":"::1"}
{"ts":"2025-08-13T21:56:02.120Z","level":"info","msg":"request.end","requestId":"fc406fea-4dba-4e20-9475-6a5f16fd9184","method":"GET","url":"/api/system-management/stats","status":404,"durationMs":0,"contentLength":"92"}
{"ts":"2025-08-13T21:56:02.120Z","level":"info","msg":"request.end","requestId":"fc406fea-4dba-4e20-9475-6a5f16fd9184","method":"GET","url":"/api/system-management/stats","status":404,"durationMs":0,"contentLength":"92"}
{"ts":"2025-08-13T21:56:27.109Z","level":"info","msg":"request.start","requestId":"eb4b397b-6578-45d0-bb5e-a9e532f41cf8","method":"GET","url":"/api/site-configuration/servers/health","ip":"::1"}
{"ts":"2025-08-13T21:56:27.111Z","level":"info","msg":"request.end","requestId":"eb4b397b-6578-45d0-bb5e-a9e532f41cf8","method":"GET","url":"/api/site-configuration/servers/health","status":404,"durationMs":2,"contentLength":"92"}
{"ts":"2025-08-13T21:56:27.111Z","level":"info","msg":"request.end","requestId":"eb4b397b-6578-45d0-bb5e-a9e532f41cf8","method":"GET","url":"/api/site-configuration/servers/health","status":404,"durationMs":2,"contentLength":"92"}
