Missing required environment variables: DB_PASSWORD, DB_DATABASE
AI_SERVER_URL is not set; AI proxy and tests may fail.
✅ Quick Facts API route loaded successfully
🔍 Testing database connection...
✅ Database connected successfully
🚀 MuseNest Server Started
📍 Server running on port 3000
🌍 Environment: development
🔗 Health check: http://localhost:3000/health

Next steps:
1. Copy .env.example to .env and configure your database
2. Run: npm run migrate (to set up database)
3. Run: npm run seed (to add sample data)
Loaded 0 active impersonation sessions
{"ts":"2025-08-14T19:31:38.087Z","level":"info","msg":"request.start","requestId":"11dbd62c-bab5-4031-a3a4-ccd70d758960","method":"GET","url":"/modelexample/gallery?preview_theme=3","ip":"::1"}
📋 Preview query results: [
  {
    id: 3,
    name: 'luxury',
    display_name: 'Luxury Premium',
    default_color_scheme: {
      text: '#581C87',
      accent: '#F59E0B',
      primary: '#7C3AED',
      secondary: '#5B21B6',
      background: '#FAF5FF'
    }
  }
]
   - Database theme name: "luxury"
   - Mapped to handlebars theme: "luxury"
   - Display name: "Luxury Premium"
{"ts":"2025-08-14T19:31:38.116Z","level":"info","msg":"request.end","requestId":"11dbd62c-bab5-4031-a3a4-ccd70d758960","method":"GET","url":"/modelexample/gallery?preview_theme=3","status":200,"durationMs":29,"contentLength":"54519"}
{"ts":"2025-08-14T19:31:38.116Z","level":"info","msg":"request.end","requestId":"11dbd62c-bab5-4031-a3a4-ccd70d758960","method":"GET","url":"/modelexample/gallery?preview_theme=3","status":200,"durationMs":29,"contentLength":"54519"}
{"ts":"2025-08-14T19:31:45.758Z","level":"info","msg":"request.start","requestId":"fbfb0bd8-f1ab-438e-8b22-2619631c44b3","method":"GET","url":"/modelexample/gallery?preview_theme=3","ip":"::1"}
📋 Preview query results: [
  {
    id: 3,
    name: 'luxury',
    display_name: 'Luxury Premium',
    default_color_scheme: {
      text: '#581C87',
      accent: '#F59E0B',
      primary: '#7C3AED',
      secondary: '#5B21B6',
      background: '#FAF5FF'
    }
  }
]
   - Database theme name: "luxury"
   - Mapped to handlebars theme: "luxury"
   - Display name: "Luxury Premium"
{"ts":"2025-08-14T19:31:45.771Z","level":"info","msg":"request.end","requestId":"fbfb0bd8-f1ab-438e-8b22-2619631c44b3","method":"GET","url":"/modelexample/gallery?preview_theme=3","status":200,"durationMs":13,"contentLength":"54519"}
{"ts":"2025-08-14T19:31:45.771Z","level":"info","msg":"request.end","requestId":"fbfb0bd8-f1ab-438e-8b22-2619631c44b3","method":"GET","url":"/modelexample/gallery?preview_theme=3","status":200,"durationMs":13,"contentLength":"54519"}
{"ts":"2025-08-14T19:31:52.219Z","level":"info","msg":"request.start","requestId":"00c791e1-fe7e-4c53-8501-da0da6bbe2b3","method":"GET","url":"/modelexample/gallery?preview_theme=3","ip":"::1"}
📋 Preview query results: [
  {
    id: 3,
    name: 'luxury',
    display_name: 'Luxury Premium',
    default_color_scheme: {
      text: '#581C87',
      accent: '#F59E0B',
      primary: '#7C3AED',
      secondary: '#5B21B6',
      background: '#FAF5FF'
    }
  }
]
   - Database theme name: "luxury"
   - Mapped to handlebars theme: "luxury"
   - Display name: "Luxury Premium"
{"ts":"2025-08-14T19:31:52.229Z","level":"info","msg":"request.end","requestId":"00c791e1-fe7e-4c53-8501-da0da6bbe2b3","method":"GET","url":"/modelexample/gallery?preview_theme=3","status":200,"durationMs":10,"contentLength":"54519"}
{"ts":"2025-08-14T19:31:52.229Z","level":"info","msg":"request.end","requestId":"00c791e1-fe7e-4c53-8501-da0da6bbe2b3","method":"GET","url":"/modelexample/gallery?preview_theme=3","status":200,"durationMs":10,"contentLength":"54519"}
{"ts":"2025-08-14T19:31:56.032Z","level":"info","msg":"request.start","requestId":"74ecf87c-416f-4d9e-9179-a7bef72b4184","method":"GET","url":"/modelexample?preview_theme=3","ip":"::1"}
📋 Preview query results: [
  {
    id: 3,
    name: 'luxury',
    display_name: 'Luxury Premium',
    default_color_scheme: {
      text: '#581C87',
      accent: '#F59E0B',
      primary: '#7C3AED',
      secondary: '#5B21B6',
      background: '#FAF5FF'
    }
  }
]
   - Database theme name: "luxury"
   - Mapped to handlebars theme: "luxury"
   - Display name: "Luxury Premium"
📣 Loaded 4 testimonials for modelexample
💼 Loaded 6 services for modelexample
🖼️ Loaded 5 gallery images for home preview
📅 Loaded 3 upcoming calendar events for modelexample
📅 Calendar events: [
  {
    location: 'DTC Incall & Outcall',
    date: 2025-08-14T06:00:00.000Z,
    dateRange: 'August 14-15, 2025'
  },
  {
    location: 'Loveland Incall',
    date: 2025-08-22T06:00:00.000Z,
    dateRange: 'August 22-23, 2025'
  },
  {
    location: 'DTC Incall',
    date: 2025-08-26T06:00:00.000Z,
    dateRange: 'August 26-29, 2025'
  }
]
🔍 Found 1 images with ID 255: [
  {
    id: 255,
    filename: 'Blouse_Model_1754767723448.jpg',
    model_id: 39,
    is_active: 1
  }
]
🔍 Portrait query result: 1 images found
🖼️ Loaded portrait image: /uploads/modelexample/public/gallery/Blouse_Model_1754767723448.jpg
🖼️ Loaded hero background image: /uploads/modelexample/public/gallery/Sportscar_Model_1754767725105.jpg
🔍 About portrait query result: 1 images found
🖼️ Loaded about portrait image: /uploads/modelexample/public/gallery/Blouse_Model_1754767723448.jpg
{"ts":"2025-08-14T19:31:56.130Z","level":"info","msg":"request.end","requestId":"74ecf87c-416f-4d9e-9179-a7bef72b4184","method":"GET","url":"/modelexample?preview_theme=3","status":304,"durationMs":99,"contentLength":0}
{"ts":"2025-08-14T19:31:56.130Z","level":"info","msg":"request.end","requestId":"74ecf87c-416f-4d9e-9179-a7bef72b4184","method":"GET","url":"/modelexample?preview_theme=3","status":304,"durationMs":99,"contentLength":0}
{"ts":"2025-08-14T19:31:58.909Z","level":"info","msg":"request.start","requestId":"e6518408-de59-4251-a9c1-c8b5f2aa7f51","method":"HEAD","url":"/modelexample/etiquette?preview_theme=4","ip":"::1"}
📋 Preview query results: [
  {
    id: 4,
    name: 'modern',
    display_name: 'Modern Contemporary',
    default_color_scheme: {
      text: '#0C4A6E',
      accent: '#10B981',
      primary: '#06B6D4',
      secondary: '#0891B2',
      background: '#F0F9FF'
    }
  }
]
   - Database theme name: "modern"
   - Mapped to handlebars theme: "modern"
   - Display name: "Modern Contemporary"
{"ts":"2025-08-14T19:31:58.922Z","level":"info","msg":"request.end","requestId":"e6518408-de59-4251-a9c1-c8b5f2aa7f51","method":"HEAD","url":"/modelexample/etiquette?preview_theme=4","status":200,"durationMs":13,"contentLength":"37399"}
{"ts":"2025-08-14T19:31:58.922Z","level":"info","msg":"request.end","requestId":"e6518408-de59-4251-a9c1-c8b5f2aa7f51","method":"HEAD","url":"/modelexample/etiquette?preview_theme=4","status":200,"durationMs":13,"contentLength":"37399"}
{"ts":"2025-08-14T19:31:59.580Z","level":"info","msg":"request.start","requestId":"1edd2da5-36c1-4c84-841f-7bb785a82e88","method":"GET","url":"/modelexample/gallery?preview_theme=3","ip":"::1"}
📋 Preview query results: [
  {
    id: 3,
    name: 'luxury',
    display_name: 'Luxury Premium',
    default_color_scheme: {
      text: '#581C87',
      accent: '#F59E0B',
      primary: '#7C3AED',
      secondary: '#5B21B6',
      background: '#FAF5FF'
    }
  }
]
   - Database theme name: "luxury"
   - Mapped to handlebars theme: "luxury"
   - Display name: "Luxury Premium"
{"ts":"2025-08-14T19:31:59.591Z","level":"info","msg":"request.end","requestId":"1edd2da5-36c1-4c84-841f-7bb785a82e88","method":"GET","url":"/modelexample/gallery?preview_theme=3","status":200,"durationMs":11,"contentLength":"54519"}
{"ts":"2025-08-14T19:31:59.591Z","level":"info","msg":"request.end","requestId":"1edd2da5-36c1-4c84-841f-7bb785a82e88","method":"GET","url":"/modelexample/gallery?preview_theme=3","status":200,"durationMs":11,"contentLength":"54519"}
{"ts":"2025-08-14T19:32:06.528Z","level":"info","msg":"request.start","requestId":"5b7cdc4d-6f4f-4feb-9a88-8144d4cbe05a","method":"GET","url":"/modelexample/gallery?preview_theme=4","ip":"::1"}
📋 Preview query results: [
  {
    id: 4,
    name: 'modern',
    display_name: 'Modern Contemporary',
    default_color_scheme: {
      text: '#0C4A6E',
      accent: '#10B981',
      primary: '#06B6D4',
      secondary: '#0891B2',
      background: '#F0F9FF'
    }
  }
]
   - Database theme name: "modern"
   - Mapped to handlebars theme: "modern"
   - Display name: "Modern Contemporary"
{"ts":"2025-08-14T19:32:06.540Z","level":"info","msg":"request.end","requestId":"5b7cdc4d-6f4f-4feb-9a88-8144d4cbe05a","method":"GET","url":"/modelexample/gallery?preview_theme=4","status":200,"durationMs":12,"contentLength":"66491"}
{"ts":"2025-08-14T19:32:06.540Z","level":"info","msg":"request.end","requestId":"5b7cdc4d-6f4f-4feb-9a88-8144d4cbe05a","method":"GET","url":"/modelexample/gallery?preview_theme=4","status":200,"durationMs":12,"contentLength":"66491"}
{"ts":"2025-08-14T19:32:12.457Z","level":"info","msg":"request.start","requestId":"3a0e71e9-0bbb-4c21-a353-c3a9cd755051","method":"GET","url":"/modelexample/gallery?preview_theme=4","ip":"::1"}
📋 Preview query results: [
  {
    id: 4,
    name: 'modern',
    display_name: 'Modern Contemporary',
    default_color_scheme: {
      text: '#0C4A6E',
      accent: '#10B981',
      primary: '#06B6D4',
      secondary: '#0891B2',
      background: '#F0F9FF'
    }
  }
]
   - Database theme name: "modern"
   - Mapped to handlebars theme: "modern"
   - Display name: "Modern Contemporary"
{"ts":"2025-08-14T19:32:12.472Z","level":"info","msg":"request.end","requestId":"3a0e71e9-0bbb-4c21-a353-c3a9cd755051","method":"GET","url":"/modelexample/gallery?preview_theme=4","status":200,"durationMs":15,"contentLength":"66491"}
{"ts":"2025-08-14T19:32:12.472Z","level":"info","msg":"request.end","requestId":"3a0e71e9-0bbb-4c21-a353-c3a9cd755051","method":"GET","url":"/modelexample/gallery?preview_theme=4","status":200,"durationMs":15,"contentLength":"66491"}
{"ts":"2025-08-14T19:32:19.360Z","level":"info","msg":"request.start","requestId":"c4ca53be-ac42-45e7-8e28-ccf174827ec9","method":"GET","url":"/modelexample/etiquette?preview_theme=4","ip":"::1"}
📋 Preview query results: [
  {
    id: 4,
    name: 'modern',
    display_name: 'Modern Contemporary',
    default_color_scheme: {
      text: '#0C4A6E',
      accent: '#10B981',
      primary: '#06B6D4',
      secondary: '#0891B2',
      background: '#F0F9FF'
    }
  }
]
   - Database theme name: "modern"
   - Mapped to handlebars theme: "modern"
   - Display name: "Modern Contemporary"
{"ts":"2025-08-14T19:32:19.373Z","level":"info","msg":"request.end","requestId":"c4ca53be-ac42-45e7-8e28-ccf174827ec9","method":"GET","url":"/modelexample/etiquette?preview_theme=4","status":200,"durationMs":13,"contentLength":"37399"}
{"ts":"2025-08-14T19:32:19.373Z","level":"info","msg":"request.end","requestId":"c4ca53be-ac42-45e7-8e28-ccf174827ec9","method":"GET","url":"/modelexample/etiquette?preview_theme=4","status":200,"durationMs":13,"contentLength":"37399"}
{"ts":"2025-08-14T19:32:25.959Z","level":"info","msg":"request.start","requestId":"3d4c1184-988e-4837-a08d-e226ff39783e","method":"GET","url":"/modelexample/etiquette?preview_theme=4","ip":"::1"}
📋 Preview query results: [
  {
    id: 4,
    name: 'modern',
    display_name: 'Modern Contemporary',
    default_color_scheme: {
      text: '#0C4A6E',
      accent: '#10B981',
      primary: '#06B6D4',
      secondary: '#0891B2',
      background: '#F0F9FF'
    }
  }
]
   - Database theme name: "modern"
   - Mapped to handlebars theme: "modern"
   - Display name: "Modern Contemporary"
{"ts":"2025-08-14T19:32:25.973Z","level":"info","msg":"request.end","requestId":"3d4c1184-988e-4837-a08d-e226ff39783e","method":"GET","url":"/modelexample/etiquette?preview_theme=4","status":200,"durationMs":14,"contentLength":"37399"}
{"ts":"2025-08-14T19:32:25.973Z","level":"info","msg":"request.end","requestId":"3d4c1184-988e-4837-a08d-e226ff39783e","method":"GET","url":"/modelexample/etiquette?preview_theme=4","status":200,"durationMs":14,"contentLength":"37399"}
{"ts":"2025-08-14T19:32:34.629Z","level":"info","msg":"request.start","requestId":"2948967a-c1de-4a4d-bac5-852c3003a159","method":"HEAD","url":"/modelexample/etiquette?preview_theme=4","ip":"::1"}
📋 Preview query results: [
  {
    id: 4,
    name: 'modern',
    display_name: 'Modern Contemporary',
    default_color_scheme: {
      text: '#0C4A6E',
      accent: '#10B981',
      primary: '#06B6D4',
      secondary: '#0891B2',
      background: '#F0F9FF'
    }
  }
]
   - Database theme name: "modern"
   - Mapped to handlebars theme: "modern"
   - Display name: "Modern Contemporary"
{"ts":"2025-08-14T19:32:34.640Z","level":"info","msg":"request.end","requestId":"2948967a-c1de-4a4d-bac5-852c3003a159","method":"HEAD","url":"/modelexample/etiquette?preview_theme=4","status":200,"durationMs":11,"contentLength":"37399"}
{"ts":"2025-08-14T19:32:34.640Z","level":"info","msg":"request.end","requestId":"2948967a-c1de-4a4d-bac5-852c3003a159","method":"HEAD","url":"/modelexample/etiquette?preview_theme=4","status":200,"durationMs":11,"contentLength":"37399"}
{"ts":"2025-08-14T19:32:40.204Z","level":"info","msg":"request.start","requestId":"b23b8d71-c585-4e39-9e5e-9a5ab4960c56","method":"GET","url":"/modelexample/etiquette?preview_theme=4","ip":"::1"}
📋 Preview query results: [
  {
    id: 4,
    name: 'modern',
    display_name: 'Modern Contemporary',
    default_color_scheme: {
      text: '#0C4A6E',
      accent: '#10B981',
      primary: '#06B6D4',
      secondary: '#0891B2',
      background: '#F0F9FF'
    }
  }
]
   - Database theme name: "modern"
   - Mapped to handlebars theme: "modern"
   - Display name: "Modern Contemporary"
{"ts":"2025-08-14T19:32:40.215Z","level":"info","msg":"request.end","requestId":"b23b8d71-c585-4e39-9e5e-9a5ab4960c56","method":"GET","url":"/modelexample/etiquette?preview_theme=4","status":200,"durationMs":11,"contentLength":"37399"}
{"ts":"2025-08-14T19:32:40.215Z","level":"info","msg":"request.end","requestId":"b23b8d71-c585-4e39-9e5e-9a5ab4960c56","method":"GET","url":"/modelexample/etiquette?preview_theme=4","status":200,"durationMs":11,"contentLength":"37399"}
{"ts":"2025-08-14T19:32:45.153Z","level":"info","msg":"request.start","requestId":"df446ce6-8b2f-4987-99e0-3581496f7024","method":"GET","url":"/modelexample/etiquette?preview_theme=4","ip":"::1"}
📋 Preview query results: [
  {
    id: 4,
    name: 'modern',
    display_name: 'Modern Contemporary',
    default_color_scheme: {
      text: '#0C4A6E',
      accent: '#10B981',
      primary: '#06B6D4',
      secondary: '#0891B2',
      background: '#F0F9FF'
    }
  }
]
   - Database theme name: "modern"
   - Mapped to handlebars theme: "modern"
   - Display name: "Modern Contemporary"
{"ts":"2025-08-14T19:32:45.162Z","level":"info","msg":"request.end","requestId":"df446ce6-8b2f-4987-99e0-3581496f7024","method":"GET","url":"/modelexample/etiquette?preview_theme=4","status":200,"durationMs":9,"contentLength":"37399"}
{"ts":"2025-08-14T19:32:45.162Z","level":"info","msg":"request.end","requestId":"df446ce6-8b2f-4987-99e0-3581496f7024","method":"GET","url":"/modelexample/etiquette?preview_theme=4","status":200,"durationMs":9,"contentLength":"37399"}
{"ts":"2025-08-14T19:32:49.847Z","level":"info","msg":"request.start","requestId":"97b47ce3-b784-4147-a86b-700152098a95","method":"GET","url":"/modelexample/etiquette?preview_theme=4","ip":"::1"}
📋 Preview query results: [
  {
    id: 4,
    name: 'modern',
    display_name: 'Modern Contemporary',
    default_color_scheme: {
      text: '#0C4A6E',
      accent: '#10B981',
      primary: '#06B6D4',
      secondary: '#0891B2',
      background: '#F0F9FF'
    }
  }
]
   - Database theme name: "modern"
   - Mapped to handlebars theme: "modern"
   - Display name: "Modern Contemporary"
{"ts":"2025-08-14T19:32:49.860Z","level":"info","msg":"request.end","requestId":"97b47ce3-b784-4147-a86b-700152098a95","method":"GET","url":"/modelexample/etiquette?preview_theme=4","status":200,"durationMs":13,"contentLength":"37399"}
{"ts":"2025-08-14T19:32:49.860Z","level":"info","msg":"request.end","requestId":"97b47ce3-b784-4147-a86b-700152098a95","method":"GET","url":"/modelexample/etiquette?preview_theme=4","status":200,"durationMs":13,"contentLength":"37399"}
{"ts":"2025-08-14T19:34:35.010Z","level":"info","msg":"request.start","requestId":"f7396305-9a53-4086-9c14-5950f256e010","method":"GET","url":"/modelexample/gallery?preview_theme=3","ip":"::1"}
📋 Preview query results: [
  {
    id: 3,
    name: 'luxury',
    display_name: 'Luxury Premium',
    default_color_scheme: {
      text: '#581C87',
      accent: '#F59E0B',
      primary: '#7C3AED',
      secondary: '#5B21B6',
      background: '#FAF5FF'
    }
  }
]
   - Database theme name: "luxury"
   - Mapped to handlebars theme: "luxury"
   - Display name: "Luxury Premium"
{"ts":"2025-08-14T19:34:35.025Z","level":"info","msg":"request.end","requestId":"f7396305-9a53-4086-9c14-5950f256e010","method":"GET","url":"/modelexample/gallery?preview_theme=3","status":200,"durationMs":15,"contentLength":"54519"}
{"ts":"2025-08-14T19:34:35.025Z","level":"info","msg":"request.end","requestId":"f7396305-9a53-4086-9c14-5950f256e010","method":"GET","url":"/modelexample/gallery?preview_theme=3","status":200,"durationMs":15,"contentLength":"54519"}
{"ts":"2025-08-14T19:34:39.996Z","level":"info","msg":"request.start","requestId":"31efbd4f-b8d9-4d4f-a1e5-fd86f4734ae4","method":"GET","url":"/modelexample/about?preview_theme=3","ip":"::1"}
📋 Preview query results: [
  {
    id: 3,
    name: 'luxury',
    display_name: 'Luxury Premium',
    default_color_scheme: {
      text: '#581C87',
      accent: '#F59E0B',
      primary: '#7C3AED',
      secondary: '#5B21B6',
      background: '#FAF5FF'
    }
  }
]
🔍 Field mapping - quick_facts_visible: 1
🔍 Field mapping - factsVisible: 1
📋 Built 4 quick facts from qf_* fields: [
  { question: 'Location', answer: 'Denver, Colorado' },
  { question: 'Languages', answer: 'English, French, Spanish' },
  { question: 'Education', answer: "Master's in Art History" },
  { question: 'Specialties', answer: 'Erotic Romance' }
]
   - Database theme name: "luxury"
   - Mapped to handlebars theme: "luxury"
   - Display name: "Luxury Premium"
🔍 Found 1 images with ID 255: [
  {
    id: 255,
    filename: 'Blouse_Model_1754767723448.jpg',
    model_id: 39,
    is_active: 1
  }
]
🔍 Portrait query result: 1 images found
🖼️ Loaded portrait image: /uploads/modelexample/public/gallery/Blouse_Model_1754767723448.jpg
🔍 About portrait query result: 1 images found
🖼️ Loaded about portrait image: /uploads/modelexample/public/gallery/Blouse_Model_1754767723448.jpg
{"ts":"2025-08-14T19:34:40.016Z","level":"info","msg":"request.end","requestId":"31efbd4f-b8d9-4d4f-a1e5-fd86f4734ae4","method":"GET","url":"/modelexample/about?preview_theme=3","status":304,"durationMs":20,"contentLength":0}
{"ts":"2025-08-14T19:34:40.016Z","level":"info","msg":"request.end","requestId":"31efbd4f-b8d9-4d4f-a1e5-fd86f4734ae4","method":"GET","url":"/modelexample/about?preview_theme=3","status":304,"durationMs":20,"contentLength":0}
{"ts":"2025-08-14T19:34:44.423Z","level":"info","msg":"request.start","requestId":"a3623fa4-bf9d-4763-af2d-40693223c159","method":"GET","url":"/modelexample/etiquette?preview_theme=3","ip":"::1"}
📋 Preview query results: [
  {
    id: 3,
    name: 'luxury',
    display_name: 'Luxury Premium',
    default_color_scheme: {
      text: '#581C87',
      accent: '#F59E0B',
      primary: '#7C3AED',
      secondary: '#5B21B6',
      background: '#FAF5FF'
    }
  }
]
   - Database theme name: "luxury"
   - Mapped to handlebars theme: "luxury"
   - Display name: "Luxury Premium"
{"ts":"2025-08-14T19:34:44.446Z","level":"info","msg":"request.end","requestId":"a3623fa4-bf9d-4763-af2d-40693223c159","method":"GET","url":"/modelexample/etiquette?preview_theme=3","status":200,"durationMs":23,"contentLength":"58674"}
{"ts":"2025-08-14T19:34:44.446Z","level":"info","msg":"request.end","requestId":"a3623fa4-bf9d-4763-af2d-40693223c159","method":"GET","url":"/modelexample/etiquette?preview_theme=3","status":200,"durationMs":23,"contentLength":"58674"}
{"ts":"2025-08-14T19:34:55.057Z","level":"info","msg":"request.start","requestId":"bdcac426-8341-4ece-b7da-86b7d28be556","method":"GET","url":"/modelexample/calendar?preview_theme=3","ip":"::1"}
📋 Preview query results: [
  {
    id: 3,
    name: 'luxury',
    display_name: 'Luxury Premium',
    default_color_scheme: {
      text: '#581C87',
      accent: '#F59E0B',
      primary: '#7C3AED',
      secondary: '#5B21B6',
      background: '#FAF5FF'
    }
  }
]
   - Database theme name: "luxury"
   - Mapped to handlebars theme: "luxury"
   - Display name: "Luxury Premium"
{"ts":"2025-08-14T19:34:55.076Z","level":"info","msg":"request.end","requestId":"bdcac426-8341-4ece-b7da-86b7d28be556","method":"GET","url":"/modelexample/calendar?preview_theme=3","status":200,"durationMs":20,"contentLength":"31400"}
{"ts":"2025-08-14T19:34:55.076Z","level":"info","msg":"request.end","requestId":"bdcac426-8341-4ece-b7da-86b7d28be556","method":"GET","url":"/modelexample/calendar?preview_theme=3","status":200,"durationMs":20,"contentLength":"31400"}
{"ts":"2025-08-14T19:34:55.195Z","level":"info","msg":"request.start","requestId":"47878c4c-8790-4769-9ac1-ab0ad689bee6","method":"GET","url":"/api/model-calendar/modelexample?year=2025&month=8","ip":"::1"}
{"ts":"2025-08-14T19:34:55.203Z","level":"info","msg":"request.end","requestId":"47878c4c-8790-4769-9ac1-ab0ad689bee6","method":"GET","url":"/api/model-calendar/modelexample?year=2025&month=8","status":304,"durationMs":8,"contentLength":0}
{"ts":"2025-08-14T19:34:55.203Z","level":"info","msg":"request.end","requestId":"47878c4c-8790-4769-9ac1-ab0ad689bee6","method":"GET","url":"/api/model-calendar/modelexample?year=2025&month=8","status":304,"durationMs":8,"contentLength":0}
{"ts":"2025-08-14T19:38:18.158Z","level":"info","msg":"request.start","requestId":"e43bdf43-242c-4b95-9237-fe2bc4790fe3","method":"GET","url":"/modelexample?preview_theme=3","ip":"::1"}
📋 Preview query results: [
  {
    id: 3,
    name: 'luxury',
    display_name: 'Luxury Premium',
    default_color_scheme: {
      text: '#581C87',
      accent: '#F59E0B',
      primary: '#7C3AED',
      secondary: '#5B21B6',
      background: '#FAF5FF'
    }
  }
]
   - Database theme name: "luxury"
   - Mapped to handlebars theme: "luxury"
   - Display name: "Luxury Premium"
📣 Loaded 4 testimonials for modelexample
💼 Loaded 6 services for modelexample
🖼️ Loaded 5 gallery images for home preview
📅 Loaded 3 upcoming calendar events for modelexample
📅 Calendar events: [
  {
    location: 'DTC Incall & Outcall',
    date: 2025-08-14T06:00:00.000Z,
    dateRange: 'August 14-15, 2025'
  },
  {
    location: 'Loveland Incall',
    date: 2025-08-22T06:00:00.000Z,
    dateRange: 'August 22-23, 2025'
  },
  {
    location: 'DTC Incall',
    date: 2025-08-26T06:00:00.000Z,
    dateRange: 'August 26-29, 2025'
  }
]
🔍 Found 1 images with ID 255: [
  {
    id: 255,
    filename: 'Blouse_Model_1754767723448.jpg',
    model_id: 39,
    is_active: 1
  }
]
🔍 Portrait query result: 1 images found
🖼️ Loaded portrait image: /uploads/modelexample/public/gallery/Blouse_Model_1754767723448.jpg
🖼️ Loaded hero background image: /uploads/modelexample/public/gallery/Sportscar_Model_1754767725105.jpg
🔍 About portrait query result: 1 images found
🖼️ Loaded about portrait image: /uploads/modelexample/public/gallery/Blouse_Model_1754767723448.jpg
{"ts":"2025-08-14T19:38:18.210Z","level":"info","msg":"request.end","requestId":"e43bdf43-242c-4b95-9237-fe2bc4790fe3","method":"GET","url":"/modelexample?preview_theme=3","status":200,"durationMs":52,"contentLength":"42707"}
{"ts":"2025-08-14T19:38:18.210Z","level":"info","msg":"request.end","requestId":"e43bdf43-242c-4b95-9237-fe2bc4790fe3","method":"GET","url":"/modelexample?preview_theme=3","status":200,"durationMs":52,"contentLength":"42707"}
{"ts":"2025-08-14T19:38:31.372Z","level":"info","msg":"request.start","requestId":"e236af03-f3fe-4860-bfa2-ebbd418e2ebb","method":"GET","url":"/modelexample?preview_theme=2","ip":"::1"}
📋 Preview query results: [
  {
    id: 2,
    name: 'glamour',
    display_name: 'Glamour Elite',
    default_color_scheme: {
      text: '#831843',
      accent: '#F59E0B',
      primary: '#EC4899',
      secondary: '#BE185D',
      background: '#FDF2F8'
    }
  }
]
   - Database theme name: "glamour"
   - Mapped to handlebars theme: "glamour"
   - Display name: "Glamour Elite"
📣 Loaded 4 testimonials for modelexample
💼 Loaded 6 services for modelexample
🖼️ Loaded 5 gallery images for home preview
📅 Loaded 3 upcoming calendar events for modelexample
📅 Calendar events: [
  {
    location: 'DTC Incall & Outcall',
    date: 2025-08-14T06:00:00.000Z,
    dateRange: 'August 14-15, 2025'
  },
  {
    location: 'Loveland Incall',
    date: 2025-08-22T06:00:00.000Z,
    dateRange: 'August 22-23, 2025'
  },
  {
    location: 'DTC Incall',
    date: 2025-08-26T06:00:00.000Z,
    dateRange: 'August 26-29, 2025'
  }
]
🔍 Found 1 images with ID 255: [
  {
    id: 255,
    filename: 'Blouse_Model_1754767723448.jpg',
    model_id: 39,
    is_active: 1
  }
]
🔍 Portrait query result: 1 images found
🖼️ Loaded portrait image: /uploads/modelexample/public/gallery/Blouse_Model_1754767723448.jpg
🖼️ Loaded hero background image: /uploads/modelexample/public/gallery/Sportscar_Model_1754767725105.jpg
🔍 About portrait query result: 1 images found
🖼️ Loaded about portrait image: /uploads/modelexample/public/gallery/Blouse_Model_1754767723448.jpg
{"ts":"2025-08-14T19:38:31.391Z","level":"info","msg":"request.end","requestId":"e236af03-f3fe-4860-bfa2-ebbd418e2ebb","method":"GET","url":"/modelexample?preview_theme=2","status":304,"durationMs":19,"contentLength":0}
{"ts":"2025-08-14T19:38:31.391Z","level":"info","msg":"request.end","requestId":"e236af03-f3fe-4860-bfa2-ebbd418e2ebb","method":"GET","url":"/modelexample?preview_theme=2","status":304,"durationMs":19,"contentLength":0}
